<!--
  ~ Copyright (c) 2014. Atende Tecnologia da Informação e Prestação de Serviços.
  ~
  ~ Aviso. Este software está protegido por leis de direitos autorais e tratados internacionais.
  ~ A reprodução ou distribuição deste programa, ou qualquer parte dele, pode resultar em severas
  ~ penalidade civis e criminais e serão processadas sob a medida máxima prossível sob a lei.
  ~
  ~ Warning: This computer program is protected by copyright law and international treaties. Unauthorized
  ~ reproduction or distribution of this program, or any portion of it, may result in severe civil and
  ~ criminal penalties, and will be prosecuted under the maximum extent possible under law.
  -->

<persistence xmlns="http://xmlns.jcp.org/xml/ns/persistence"
             xmlns:xsi="http://www.w3.org/2001/XMLSchema-instance"
             xsi:schemaLocation="http://xmlns.jcp.org/xml/ns/persistence http://xmlns.jcp.org/xml/ns/persistence/persistence_2_1.xsd"
             version="2.1">
    <persistence-unit name="test" transaction-type="JTA">
        <provider>org.hibernate.jpa.HibernatePersistenceProvider</provider>
        <jta-data-source>java:jboss/datasources/ExampleDS</jta-data-source>
        <properties>
            <property name="hibernate.dialect" value="org.hibernate.dialect.H2Dialect"/>
            <property name="hibernate.hbm2ddl.auto" value="update"/>
            <property name="hibernate.show_sql" value="true"/>
        </properties>
    </persistence-unit>
</persistence>